[debug] [2021-05-05T21:36:37.514Z] ----------------------------------------------------------------------
[debug] [2021-05-05T21:36:37.515Z] Command:       /Users/tannerkooistra/.nvm/versions/node/v15.10.0/bin/node /Users/tannerkooistra/.nvm/versions/node/v15.10.0/bin/firebase deploy --project secopsviz
[debug] [2021-05-05T21:36:37.516Z] CLI Version:   9.10.1
[debug] [2021-05-05T21:36:37.516Z] Platform:      darwin
[debug] [2021-05-05T21:36:37.516Z] Node Version:  v15.10.0
[debug] [2021-05-05T21:36:37.516Z] Time:          Wed May 05 2021 14:36:37 GMT-0700 (Pacific Daylight Time)
[debug] [2021-05-05T21:36:37.516Z] ----------------------------------------------------------------------
[debug] 
[debug] [2021-05-05T21:36:37.521Z] > command requires scopes: ["email","openid","https://www.googleapis.com/auth/cloudplatformprojects.readonly","https://www.googleapis.com/auth/firebase","https://www.googleapis.com/auth/cloud-platform"]
[debug] [2021-05-05T21:36:37.521Z] > authorizing via signed-in user (tannerckooistra@gmail.com)
[debug] [2021-05-05T21:36:37.521Z] [iam] checking project secopsviz for permissions ["firebase.projects.get","firebasehosting.sites.update"]
[debug] [2021-05-05T21:36:37.523Z] > refreshing access token with scopes: ["email","https://www.googleapis.com/auth/cloud-platform","https://www.googleapis.com/auth/cloudplatformprojects.readonly","https://www.googleapis.com/auth/firebase","openid"]
[debug] [2021-05-05T21:36:37.523Z] >>> HTTP REQUEST POST https://www.googleapis.com/oauth2/v3/token  
 <request body omitted>
[debug] [2021-05-05T21:36:37.932Z] <<< HTTP RESPONSE 400 {"expires":"Mon, 01 Jan 1990 00:00:00 GMT","date":"Wed, 05 May 2021 21:36:37 GMT","cache-control":"no-cache, no-store, max-age=0, must-revalidate","pragma":"no-cache","content-type":"application/json; charset=utf-8","vary":"X-Origin, Referer, Origin,Accept-Encoding","server":"scaffolding on HTTPServer2","x-xss-protection":"0","x-frame-options":"SAMEORIGIN","x-content-type-options":"nosniff","alt-svc":"h3-29=\":443\"; ma=2592000,h3-T051=\":443\"; ma=2592000,h3-Q050=\":443\"; ma=2592000,h3-Q046=\":443\"; ma=2592000,h3-Q043=\":443\"; ma=2592000,quic=\":443\"; ma=2592000; v=\"46,43\"","accept-ranges":"none","transfer-encoding":"chunked"}
[debug] [2021-05-05T21:36:37.934Z] >>> HTTP REQUEST POST https://cloudresourcemanager.googleapis.com/v1/projects/secopsviz:testIamPermissions  
 {"permissions":["firebase.projects.get","firebasehosting.sites.update"]}
[debug] [2021-05-05T21:36:39.527Z] <<< HTTP RESPONSE 401 {"www-authenticate":"Bearer realm=\"https://accounts.google.com/\", error=\"invalid_token\"","vary":"X-Origin, Referer, Origin,Accept-Encoding","content-type":"application/json; charset=UTF-8","date":"Wed, 05 May 2021 21:36:39 GMT","server":"ESF","cache-control":"private","x-xss-protection":"0","x-frame-options":"SAMEORIGIN","x-content-type-options":"nosniff","server-timing":"gfet4t7; dur=79","alt-svc":"h3-29=\":443\"; ma=2592000,h3-T051=\":443\"; ma=2592000,h3-Q050=\":443\"; ma=2592000,h3-Q046=\":443\"; ma=2592000,h3-Q043=\":443\"; ma=2592000,quic=\":443\"; ma=2592000; v=\"46,43\"","accept-ranges":"none","transfer-encoding":"chunked"}
[debug] [2021-05-05T21:36:39.527Z] <<< HTTP RESPONSE BODY {"error":{"code":401,"message":"Request had invalid authentication credentials. Expected OAuth 2 access token, login cookie or other valid authentication credential. See https://developers.google.com/identity/sign-in/web/devconsole-project.","status":"UNAUTHENTICATED"}}
[debug] [2021-05-05T21:36:39.529Z] [iam] error while checking permissions, command may fail: FirebaseError: HTTP Error: 401, Request had invalid authentication credentials. Expected OAuth 2 access token, login cookie or other valid authentication credential. See https://developers.google.com/identity/sign-in/web/devconsole-project.
[debug] [2021-05-05T21:36:39.530Z] > refreshing access token with scopes: []
[debug] [2021-05-05T21:36:39.531Z] >>> HTTP REQUEST POST https://www.googleapis.com/oauth2/v3/token  
 <request body omitted>
[debug] [2021-05-05T21:36:39.834Z] <<< HTTP RESPONSE 400 {"expires":"Mon, 01 Jan 1990 00:00:00 GMT","cache-control":"no-cache, no-store, max-age=0, must-revalidate","date":"Wed, 05 May 2021 21:36:39 GMT","pragma":"no-cache","content-type":"application/json; charset=utf-8","vary":"X-Origin, Referer, Origin,Accept-Encoding","server":"scaffolding on HTTPServer2","x-xss-protection":"0","x-frame-options":"SAMEORIGIN","x-content-type-options":"nosniff","alt-svc":"h3-29=\":443\"; ma=2592000,h3-T051=\":443\"; ma=2592000,h3-Q050=\":443\"; ma=2592000,h3-Q046=\":443\"; ma=2592000,h3-Q043=\":443\"; ma=2592000,quic=\":443\"; ma=2592000; v=\"46,43\"","accept-ranges":"none","transfer-encoding":"chunked"}
[debug] [2021-05-05T21:36:39.836Z] >>> [apiv2][query] GET https://firebase.googleapis.com/v1beta1/projects/secopsviz [none]
[debug] [2021-05-05T21:36:40.056Z] <<< [apiv2][status] GET https://firebase.googleapis.com/v1beta1/projects/secopsviz 401
[debug] [2021-05-05T21:36:40.056Z] <<< [apiv2][body] GET https://firebase.googleapis.com/v1beta1/projects/secopsviz {"error":{"code":401,"message":"Request had invalid authentication credentials. Expected OAuth 2 access token, login cookie or other valid authentication credential. See https://developers.google.com/identity/sign-in/web/devconsole-project.","status":"UNAUTHENTICATED"}}
[debug] [2021-05-05T21:36:40.056Z] HTTP Error: 401, Request had invalid authentication credentials. Expected OAuth 2 access token, login cookie or other valid authentication credential. See https://developers.google.com/identity/sign-in/web/devconsole-project.
[debug] [2021-05-05T21:36:40.253Z] FirebaseError: HTTP Error: 401, Request had invalid authentication credentials. Expected OAuth 2 access token, login cookie or other valid authentication credential. See https://developers.google.com/identity/sign-in/web/devconsole-project.
    at module.exports (/Users/tannerkooistra/.nvm/versions/node/v15.10.0/lib/node_modules/firebase-tools/lib/responseToError.js:38:12)
    at Client.doRequest (/Users/tannerkooistra/.nvm/versions/node/v15.10.0/lib/node_modules/firebase-tools/lib/apiv2.js:238:23)
    at processTicksAndRejections (node:internal/process/task_queues:94:5)
    at async Client.request (/Users/tannerkooistra/.nvm/versions/node/v15.10.0/lib/node_modules/firebase-tools/lib/apiv2.js:96:20)
    at async Object.getFirebaseProject (/Users/tannerkooistra/.nvm/versions/node/v15.10.0/lib/node_modules/firebase-tools/lib/management/projects.js:290:21)
    at async Object.getDefaultHostingSite (/Users/tannerkooistra/.nvm/versions/node/v15.10.0/lib/node_modules/firebase-tools/lib/getDefaultHostingSite.js:8:21)
    at async requireHostingSite (/Users/tannerkooistra/.nvm/versions/node/v15.10.0/lib/node_modules/firebase-tools/lib/requireHostingSite.js:9:18)
    at async Object.fn (/Users/tannerkooistra/.nvm/versions/node/v15.10.0/lib/node_modules/firebase-tools/lib/commands/deploy.js:66:9)
    at async /Users/tannerkooistra/.nvm/versions/node/v15.10.0/lib/node_modules/firebase-tools/lib/command.js:169:17
[error] 
[error] Error: Failed to get Firebase project secopsviz. Please make sure the project exists and your account has permission to access it.
